[36m──[39m [36mSettings[39m [36m────────────────────────────────────────────────────────────────────[39m
- future.tests version      : 0.7.0.9006
- R_FUTURE_TESTS_ROOT       : 
- Option 'future.tests.root': NULL
- Default test set folder   : /home/henrik/R/ubuntu22_04-x86_64-pc-linux-gnu-library/4.4-CBI-gcc11/future.tests/test-db
- Max number of workers     : 2
- Timeout                   : N/A

[36m──[39m [36mRunning 55 test sets with plan(future::cluster)[39m [36m─────────────────────────────[39m
ℹ Backend package: future 1.34.0.9357
[32m✔[39m  1. future() - conditions [90m(1 test)[39m [36m(133ms)[39m
[32m✔[39m  2. %<-% - conditions [90m(1 test)[39m [36m(331ms)[39m
[32m✔[39m  3. future() - muffle conditions [90m(1 test)[39m [36m(61ms)[39m
[32m✔[39m  4. Argument '...' [90m(1 test)[39m [36m(54ms)[39m
[32m✔[39m  5. Argument '...' from parent function [90m(1 test)[39m [36m(55ms)[39m
[32m✔[39m  6. Argument '...' - non existing [90m(1 test)[39m [36m(54ms)[39m
[32m✔[39m  7. Argument '...' - exception [90m(1 test)[39m [36m(51ms)[39m
[32m✔[39m  8. Early signaling of errors [90m(4 tests)[39m [36m(209ms)[39m
[32m✔[39m  9. Early signaling of warnings [90m(4 tests)[39m [36m(208ms)[39m
[32m✔[39m 10. Early signaling of messages [90m(4 tests)[39m [36m(209ms)[39m
[32m✔[39m 11. %<-% - local evaluation [90m(2 tests)[39m [36m(105ms)[39m
[32m✔[39m 12. %<-% - local evaluation & global variable [90m(2 tests)[39m [36m(105ms)[39m
[32m✔[39m 13. %<-% - errors [90m(2 tests)[39m [36m(106ms)[39m
[32m✔[39m 14. %<-% - errors and listenv [90m(2 tests)[39m [36m(423ms)[39m
[32m✔[39m 15. %<-% & %->% [90m(2 tests)[39m [36m(210ms)[39m
[32m✔[39m 16. %<-% - nested [90m(1 test)[39m [36m(122ms)[39m
[32m✔[39m 17. futureAssign() - lazy evaluation [90m(2 tests)[39m [36m(106ms)[39m
[32m✔[39m 18. futureAssign() - potential task name clashes [90m(1 test)[39m [36m(50ms)[39m
[32m✔[39m 19. futureAssign() - global variables with and without lazy evaluation [90m(2 tests)[39m [36m(205ms)[39m
[32m✔[39m 20. futureAssign() - lazy evaluation via disposable option [90m(2 tests)[39m [36m(103ms)[39m
[32m✔[39m 21. futureCall() [90m(4 tests)[39m [36m(870ms)[39m
[32m✔[39m 22. futureCall() - globals = list(a = 3) [90m(2 tests)[39m [36m(117ms)[39m
[32m✔[39m 23. futureCall() - globals = "a" [90m(2 tests)[39m [36m(115ms)[39m
[32m✔[39m 24. future() - rm() a global variable [90m(2 tests)[39m [36m(106ms)[39m
[32m✔[39m 25. future() - non-exported package objects [90m(1 test)[39m [36m(84ms)[39m
[32m✔[39m 26. future() - NSE '...' [90m(1 test)[39m [36m(95ms)[39m
[32m✔[39m 27. future() - global variables with and without lazy evaluation [90m(2 tests)[39m [36m(95ms)[39m
[32m✔[39m 28. resolved() on lazy futures [90m(1 test)[39m [36m(114ms)[39m
[32m✔[39m 29. demo("mandelbrot", package = "future") [90m(2 tests)[39m [36m(244ms)[39m
[32m✔[39m 30. nbrOfWorkers() [90m(1 test)[39m [36m(1ms)[39m
[32m✔[39m 31. future() - preserve R options (data.table) [90m(1 test)[39m [36m(150ms)[39m
[32m✔[39m 32. future() - 'data.table' inject [90m(1 test)[39m [36m(66ms)[39m
[32m✔[39m 33. future() - can load 'ff' package [90m(1 test)[39m [36m(88ms)[39m
[32m✔[39m 34. future() - can attach 'ff' package [90m(1 test)[39m [36m(65ms)[39m
[32m✔[39m 35. future() - preserve R options (ff) [90m(1 test)[39m [36m(524ms)[39m
[32m✔[39m 36. plan() [90m(1 test)[39m [36m(3ms)[39m
[32m✔[39m 37. plan() - workers=<numeric> [90m(1 test)[39m [36m(597ms)[39m
[32m✔[39m 38. plan() - workers=<function> [90m(1 test)[39m [36m(579ms)[39m
[32m✔[39m 39. plan() - workers=<invalid> [90m(1 test)[39m [36m(3ms)[39m
[32m✔[39m 40. resolve() [90m(8 tests)[39m [36m(4.5s)[39m
[32m✔[39m 41. resolve() - run-time exception [90m(8 tests)[39m [36m(425ms)[39m
[32m✔[39m 42. resolve(<list of futures and values>) [90m(2 tests)[39m [36m(138ms)[39m
[32m✔[39m 43. resolve(<list of futures>) [90m(2 tests)[39m [36m(133ms)[39m
[32m✔[39m 44. resolve(<named matrix list of futures and values>) - time ordering [90m(1 test)[39m [36m(556ms)[39m
[32m✔[39m 45. resolved() - assert non-blocking while launching lazy futures [90m(1 test)[39m [36m(4.1s)[39m
[32m✔[39m 46. Random Number Generation (RNG) - seeds and preserving RNGkind [90m(1 test)[39m [36m(13ms)[39m
[32m✔[39m 47. Random Number Generation (RNG) - future [90m(2 tests)[39m [36m(645ms)[39m
[32m✔[39m 48. Random Number Generation (RNG) - %<-% [90m(2 tests)[39m [36m(506ms)[39m
[32m✔[39m 49. Orchestration Stability - future() does not update RNG state [90m(1 test)[39m [36m(54ms)[39m
[32m✔[39m 50. Orchestration Stability - run() does not update RNG state [90m(1 test)[39m [36m(53ms)[39m
[32m✔[39m 51. Orchestration Stability - result() does not update RNG state [90m(1 test)[39m [36m(53ms)[39m
[32m✔[39m 52. Orchestration Stability - value() does not update RNG state [90m(1 test)[39m [36m(51ms)[39m
[32m✔[39m 53. future() - standard output [90m(2 tests)[39m [36m(152ms)[39m
[32m✔[39m 54. %<-% - standard output [90m(2 tests)[39m [36m(113ms)[39m
[32m✔[39m 55. value() - visibility [90m(1 test)[39m [36m(102ms)[39m

Number of tests: 55
Number of test steps: 100
Duration: 19.6s
Results: [32m100 ok [32m✔[32m[39m | [34m0 skips [34m★[34m[39m | [31m0 errors [31m✖[31m[39m | [33m0 timeouts [33mT[33m[39m

